build/app/intermediates/manifest_merge_blame_file/release/manifest-merger-blame-release-report.txt
1<?xml version="1.0" encoding="utf-8"?>
2<manifest xmlns:android="http://schemas.android.com/apk/res/android"
3    package="com.justhackit.find_my_bus"
4    android:versionCode="1"
5    android:versionName="1.0.0" >
6
7    <uses-sdk
8        android:minSdkVersion="21"
8-->src/main/AndroidManifest.xml
9        android:targetSdkVersion="30" />
9-->src/main/AndroidManifest.xml
10
11    <uses-permission android:name="android.permission.ACCESS_COARSE_LOCATION" />
11-->[:location] AndroidManifest.xml:7:5-81
11-->[:location] AndroidManifest.xml:7:22-78
12    <uses-permission android:name="android.permission.ACCESS_FINE_LOCATION" />
12-->[:location] AndroidManifest.xml:8:5-79
12-->[:location] AndroidManifest.xml:8:22-76
13    <uses-permission android:name="android.permission.INTERNET" />
13-->[com.google.firebase:firebase-auth:21.0.1] AndroidManifest.xml:23:5-67
13-->[com.google.firebase:firebase-auth:21.0.1] AndroidManifest.xml:23:22-64
14    <uses-permission android:name="android.permission.ACCESS_NETWORK_STATE" />
14-->[com.google.firebase:firebase-auth:21.0.1] AndroidManifest.xml:24:5-79
14-->[com.google.firebase:firebase-auth:21.0.1] AndroidManifest.xml:24:22-76
15
16    <uses-feature
16-->[com.google.android.gms:play-services-maps:17.0.0] AndroidManifest.xml:26:5-28:35
17        android:glEsVersion="0x00020000"
17-->[com.google.android.gms:play-services-maps:17.0.0] AndroidManifest.xml:27:9-41
18        android:required="true" />
18-->[com.google.android.gms:play-services-maps:17.0.0] AndroidManifest.xml:28:9-32
19
20    <uses-permission android:name="android.permission.CAMERA" /> <!-- Don't require camera, as this requires a rear camera. This allows it to work on the Nexus 7 -->
20-->[com.journeyapps:zxing-android-embedded:4.2.0] AndroidManifest.xml:22:5-65
20-->[com.journeyapps:zxing-android-embedded:4.2.0] AndroidManifest.xml:22:22-62
21    <uses-feature
21-->[com.journeyapps:zxing-android-embedded:4.2.0] AndroidManifest.xml:25:5-27:36
22        android:name="android.hardware.camera"
22-->[com.journeyapps:zxing-android-embedded:4.2.0] AndroidManifest.xml:26:9-47
23        android:required="false" />
23-->[com.journeyapps:zxing-android-embedded:4.2.0] AndroidManifest.xml:27:9-33
24    <uses-feature
24-->[com.journeyapps:zxing-android-embedded:4.2.0] AndroidManifest.xml:28:5-30:36
25        android:name="android.hardware.camera.front"
25-->[com.journeyapps:zxing-android-embedded:4.2.0] AndroidManifest.xml:29:9-53
26        android:required="false" /> <!-- TODO replace above two with next line after Android 4.2 -->
26-->[com.journeyapps:zxing-android-embedded:4.2.0] AndroidManifest.xml:30:9-33
27    <!-- <uses-feature android:name="android.hardware.camera.any"/> -->
28    <uses-feature
28-->[com.journeyapps:zxing-android-embedded:4.2.0] AndroidManifest.xml:33:5-35:36
29        android:name="android.hardware.camera.autofocus"
29-->[com.journeyapps:zxing-android-embedded:4.2.0] AndroidManifest.xml:34:9-57
30        android:required="false" />
30-->[com.journeyapps:zxing-android-embedded:4.2.0] AndroidManifest.xml:35:9-33
31    <uses-feature
31-->[com.journeyapps:zxing-android-embedded:4.2.0] AndroidManifest.xml:36:5-38:36
32        android:name="android.hardware.camera.flash"
32-->[com.journeyapps:zxing-android-embedded:4.2.0] AndroidManifest.xml:37:9-53
33        android:required="false" />
33-->[com.journeyapps:zxing-android-embedded:4.2.0] AndroidManifest.xml:38:9-33
34    <uses-feature
34-->[com.journeyapps:zxing-android-embedded:4.2.0] AndroidManifest.xml:39:5-41:36
35        android:name="android.hardware.screen.landscape"
35-->[com.journeyapps:zxing-android-embedded:4.2.0] AndroidManifest.xml:40:9-57
36        android:required="false" />
36-->[com.journeyapps:zxing-android-embedded:4.2.0] AndroidManifest.xml:41:9-33
37    <uses-feature
37-->[com.journeyapps:zxing-android-embedded:4.2.0] AndroidManifest.xml:42:5-44:36
38        android:name="android.hardware.wifi"
38-->[com.journeyapps:zxing-android-embedded:4.2.0] AndroidManifest.xml:43:9-45
39        android:required="false" />
39-->[com.journeyapps:zxing-android-embedded:4.2.0] AndroidManifest.xml:44:9-33
40
41    <application
41-->src/main/AndroidManifest.xml:3:4-42:19
42        android:appComponentFactory="androidx.core.app.CoreComponentFactory"
42-->[androidx.core:core:1.6.0] AndroidManifest.xml:24:18-86
43        android:icon="@mipmap/ic_launcher"
43-->src/main/AndroidManifest.xml:5:9-43
44        android:label="find_my_bus" >
44-->src/main/AndroidManifest.xml:4:9-36
45        <activity
45-->src/main/AndroidManifest.xml:6:9-34:20
46            android:name="com.justhackit.find_my_bus.MainActivity"
46-->src/main/AndroidManifest.xml:7:13-41
47            android:configChanges="orientation|keyboardHidden|keyboard|screenSize|smallestScreenSize|locale|layoutDirection|fontScale|screenLayout|density|uiMode"
47-->src/main/AndroidManifest.xml:10:13-163
48            android:hardwareAccelerated="true"
48-->src/main/AndroidManifest.xml:11:13-47
49            android:launchMode="singleTop"
49-->src/main/AndroidManifest.xml:8:13-43
50            android:theme="@style/LaunchTheme"
50-->src/main/AndroidManifest.xml:9:13-47
51            android:windowSoftInputMode="adjustResize" >
51-->src/main/AndroidManifest.xml:12:13-55
52
53            <!--
54                 Specifies an Android theme to apply to this Activity as soon as
55                 the Android process has started. This theme is visible to the user
56                 while the Flutter UI initializes. After that, this theme continues
57                 to determine the Window background behind the Flutter UI.
58            -->
59            <meta-data
59-->src/main/AndroidManifest.xml:17:13-20:17
60                android:name="io.flutter.embedding.android.NormalTheme"
60-->src/main/AndroidManifest.xml:18:15-70
61                android:resource="@style/NormalTheme" />
61-->src/main/AndroidManifest.xml:19:15-52
62            <!--
63                 Displays an Android View that continues showing the launch screen
64                 Drawable until Flutter paints its first frame, then this splash
65                 screen fades out. A splash screen is useful to avoid any visual
66                 gap between the end of Android's launch screen and the painting of
67                 Flutter's first frame.
68            -->
69            <meta-data
69-->src/main/AndroidManifest.xml:26:13-29:17
70                android:name="io.flutter.embedding.android.SplashScreenDrawable"
70-->src/main/AndroidManifest.xml:27:15-79
71                android:resource="@drawable/launch_background" />
71-->src/main/AndroidManifest.xml:28:15-61
72
73            <intent-filter>
73-->src/main/AndroidManifest.xml:30:13-33:29
74                <action android:name="android.intent.action.MAIN" />
74-->src/main/AndroidManifest.xml:31:17-68
74-->src/main/AndroidManifest.xml:31:25-66
75
76                <category android:name="android.intent.category.LAUNCHER" />
76-->src/main/AndroidManifest.xml:32:17-76
76-->src/main/AndroidManifest.xml:32:27-74
77            </intent-filter>
78        </activity>
79
80        <meta-data
80-->src/main/AndroidManifest.xml:35:9-36:70
81            android:name="com.google.android.geo.API_KEY"
81-->src/main/AndroidManifest.xml:35:20-65
82            android:value="AIzaSyA07vDQTd20yPJQ56Rd1ZadnRJtZqu8vhg" />
82-->src/main/AndroidManifest.xml:36:13-68
83        <!--
84             Don't delete the meta-data below.
85             This is used by the Flutter tool to generate GeneratedPluginRegistrant.java
86        -->
87        <meta-data
87-->src/main/AndroidManifest.xml:39:9-41:33
88            android:name="flutterEmbedding"
88-->src/main/AndroidManifest.xml:40:13-44
89            android:value="2" />
89-->src/main/AndroidManifest.xml:41:13-30
90
91        <service
91-->[:firebase_auth] AndroidManifest.xml:8:9-12:19
92            android:name="com.google.firebase.components.ComponentDiscoveryService"
92-->[:firebase_auth] AndroidManifest.xml:8:18-89
93            android:directBootAware="true"
93-->[com.google.firebase:firebase-common:20.0.0] AndroidManifest.xml:35:13-43
94            android:exported="false" >
94-->[com.google.firebase:firebase-auth:21.0.1] AndroidManifest.xml:76:13-37
95            <meta-data
95-->[:firebase_auth] AndroidManifest.xml:9:13-11:85
96                android:name="com.google.firebase.components:io.flutter.plugins.firebase.auth.FlutterFirebaseAuthRegistrar"
96-->[:firebase_auth] AndroidManifest.xml:10:17-124
97                android:value="com.google.firebase.components.ComponentRegistrar" />
97-->[:firebase_auth] AndroidManifest.xml:11:17-82
98            <meta-data
98-->[:firebase_storage] AndroidManifest.xml:9:13-11:85
99                android:name="com.google.firebase.components:io.flutter.plugins.firebase.storage.FlutterFirebaseAppRegistrar"
99-->[:firebase_storage] AndroidManifest.xml:10:17-126
100                android:value="com.google.firebase.components.ComponentRegistrar" />
100-->[:firebase_storage] AndroidManifest.xml:11:17-82
101            <meta-data
101-->[:cloud_firestore] AndroidManifest.xml:9:13-11:85
102                android:name="com.google.firebase.components:io.flutter.plugins.firebase.firestore.FlutterFirebaseFirestoreRegistrar"
102-->[:cloud_firestore] AndroidManifest.xml:10:17-134
103                android:value="com.google.firebase.components.ComponentRegistrar" />
103-->[:cloud_firestore] AndroidManifest.xml:11:17-82
104            <meta-data
104-->[:firebase_core] AndroidManifest.xml:9:13-11:85
105                android:name="com.google.firebase.components:io.flutter.plugins.firebase.core.FlutterFirebaseCoreRegistrar"
105-->[:firebase_core] AndroidManifest.xml:10:17-124
106                android:value="com.google.firebase.components.ComponentRegistrar" />
106-->[:firebase_core] AndroidManifest.xml:11:17-82
107            <meta-data
107-->[com.google.firebase:firebase-auth:21.0.1] AndroidManifest.xml:77:13-79:85
108                android:name="com.google.firebase.components:com.google.firebase.auth.FirebaseAuthRegistrar"
108-->[com.google.firebase:firebase-auth:21.0.1] AndroidManifest.xml:78:17-109
109                android:value="com.google.firebase.components.ComponentRegistrar" />
109-->[com.google.firebase:firebase-auth:21.0.1] AndroidManifest.xml:79:17-82
110            <meta-data
110-->[com.google.firebase:firebase-firestore:24.0.0] AndroidManifest.xml:20:13-22:85
111                android:name="com.google.firebase.components:com.google.firebase.firestore.FirestoreRegistrar"
111-->[com.google.firebase:firebase-firestore:24.0.0] AndroidManifest.xml:21:17-111
112                android:value="com.google.firebase.components.ComponentRegistrar" />
112-->[com.google.firebase:firebase-firestore:24.0.0] AndroidManifest.xml:22:17-82
113            <meta-data
113-->[com.google.firebase:firebase-storage:20.0.0] AndroidManifest.xml:33:13-35:85
114                android:name="com.google.firebase.components:com.google.firebase.storage.StorageRegistrar"
114-->[com.google.firebase:firebase-storage:20.0.0] AndroidManifest.xml:34:17-107
115                android:value="com.google.firebase.components.ComponentRegistrar" />
115-->[com.google.firebase:firebase-storage:20.0.0] AndroidManifest.xml:35:17-82
116        </service>
117
118        <provider
118-->[:image_picker] AndroidManifest.xml:8:9-16:20
119            android:name="io.flutter.plugins.imagepicker.ImagePickerFileProvider"
119-->[:image_picker] AndroidManifest.xml:9:13-82
120            android:authorities="com.justhackit.find_my_bus.flutter.image_provider"
120-->[:image_picker] AndroidManifest.xml:10:13-74
121            android:exported="false"
121-->[:image_picker] AndroidManifest.xml:11:13-37
122            android:grantUriPermissions="true" >
122-->[:image_picker] AndroidManifest.xml:12:13-47
123            <meta-data
123-->[:image_picker] AndroidManifest.xml:13:13-15:75
124                android:name="android.support.FILE_PROVIDER_PATHS"
124-->[:image_picker] AndroidManifest.xml:14:17-67
125                android:resource="@xml/flutter_image_picker_file_paths" />
125-->[:image_picker] AndroidManifest.xml:15:17-72
126        </provider>
127
128        <service
128-->[:location] AndroidManifest.xml:11:9-15:56
129            android:name="com.lyokone.location.FlutterLocationService"
129-->[:location] AndroidManifest.xml:12:13-71
130            android:enabled="true"
130-->[:location] AndroidManifest.xml:13:13-35
131            android:exported="false"
131-->[:location] AndroidManifest.xml:14:13-37
132            android:foregroundServiceType="location" />
132-->[:location] AndroidManifest.xml:15:13-53
133
134        <activity
134-->[com.google.firebase:firebase-auth:21.0.1] AndroidManifest.xml:27:9-44:20
135            android:name="com.google.firebase.auth.internal.GenericIdpActivity"
135-->[com.google.firebase:firebase-auth:21.0.1] AndroidManifest.xml:28:13-80
136            android:excludeFromRecents="true"
136-->[com.google.firebase:firebase-auth:21.0.1] AndroidManifest.xml:29:13-46
137            android:exported="true"
137-->[com.google.firebase:firebase-auth:21.0.1] AndroidManifest.xml:30:13-36
138            android:launchMode="singleTask"
138-->[com.google.firebase:firebase-auth:21.0.1] AndroidManifest.xml:31:13-44
139            android:theme="@android:style/Theme.Translucent.NoTitleBar" >
139-->[com.google.firebase:firebase-auth:21.0.1] AndroidManifest.xml:32:13-72
140            <intent-filter>
140-->[com.google.firebase:firebase-auth:21.0.1] AndroidManifest.xml:33:13-43:29
141                <action android:name="android.intent.action.VIEW" />
141-->[com.google.firebase:firebase-auth:21.0.1] AndroidManifest.xml:34:17-69
141-->[com.google.firebase:firebase-auth:21.0.1] AndroidManifest.xml:34:25-66
142
143                <category android:name="android.intent.category.DEFAULT" />
143-->[com.google.firebase:firebase-auth:21.0.1] AndroidManifest.xml:36:17-76
143-->[com.google.firebase:firebase-auth:21.0.1] AndroidManifest.xml:36:27-73
144                <category android:name="android.intent.category.BROWSABLE" />
144-->[com.google.firebase:firebase-auth:21.0.1] AndroidManifest.xml:37:17-78
144-->[com.google.firebase:firebase-auth:21.0.1] AndroidManifest.xml:37:27-75
145
146                <data
146-->[com.google.firebase:firebase-auth:21.0.1] AndroidManifest.xml:39:17-42:51
147                    android:host="firebase.auth"
147-->[com.google.firebase:firebase-auth:21.0.1] AndroidManifest.xml:40:21-49
148                    android:path="/"
148-->[com.google.firebase:firebase-auth:21.0.1] AndroidManifest.xml:41:21-37
149                    android:scheme="genericidp" />
149-->[com.google.firebase:firebase-auth:21.0.1] AndroidManifest.xml:42:21-48
150            </intent-filter>
151        </activity>
152        <activity
152-->[com.google.firebase:firebase-auth:21.0.1] AndroidManifest.xml:45:9-62:20
153            android:name="com.google.firebase.auth.internal.RecaptchaActivity"
153-->[com.google.firebase:firebase-auth:21.0.1] AndroidManifest.xml:46:13-79
154            android:excludeFromRecents="true"
154-->[com.google.firebase:firebase-auth:21.0.1] AndroidManifest.xml:47:13-46
155            android:exported="true"
155-->[com.google.firebase:firebase-auth:21.0.1] AndroidManifest.xml:48:13-36
156            android:launchMode="singleTask"
156-->[com.google.firebase:firebase-auth:21.0.1] AndroidManifest.xml:49:13-44
157            android:theme="@android:style/Theme.Translucent.NoTitleBar" >
157-->[com.google.firebase:firebase-auth:21.0.1] AndroidManifest.xml:50:13-72
158            <intent-filter>
158-->[com.google.firebase:firebase-auth:21.0.1] AndroidManifest.xml:51:13-61:29
159                <action android:name="android.intent.action.VIEW" />
159-->[com.google.firebase:firebase-auth:21.0.1] AndroidManifest.xml:34:17-69
159-->[com.google.firebase:firebase-auth:21.0.1] AndroidManifest.xml:34:25-66
160
161                <category android:name="android.intent.category.DEFAULT" />
161-->[com.google.firebase:firebase-auth:21.0.1] AndroidManifest.xml:36:17-76
161-->[com.google.firebase:firebase-auth:21.0.1] AndroidManifest.xml:36:27-73
162                <category android:name="android.intent.category.BROWSABLE" />
162-->[com.google.firebase:firebase-auth:21.0.1] AndroidManifest.xml:37:17-78
162-->[com.google.firebase:firebase-auth:21.0.1] AndroidManifest.xml:37:27-75
163
164                <data
164-->[com.google.firebase:firebase-auth:21.0.1] AndroidManifest.xml:39:17-42:51
165                    android:host="firebase.auth"
165-->[com.google.firebase:firebase-auth:21.0.1] AndroidManifest.xml:40:21-49
166                    android:path="/"
166-->[com.google.firebase:firebase-auth:21.0.1] AndroidManifest.xml:41:21-37
167                    android:scheme="recaptcha" />
167-->[com.google.firebase:firebase-auth:21.0.1] AndroidManifest.xml:42:21-48
168            </intent-filter>
169        </activity>
170
171        <service
171-->[com.google.firebase:firebase-auth:21.0.1] AndroidManifest.xml:64:9-73:19
172            android:name="com.google.firebase.auth.api.fallback.service.FirebaseAuthFallbackService"
172-->[com.google.firebase:firebase-auth:21.0.1] AndroidManifest.xml:65:13-101
173            android:enabled="true"
173-->[com.google.firebase:firebase-auth:21.0.1] AndroidManifest.xml:66:13-35
174            android:exported="false" >
174-->[com.google.firebase:firebase-auth:21.0.1] AndroidManifest.xml:67:13-37
175            <intent-filter>
175-->[com.google.firebase:firebase-auth:21.0.1] AndroidManifest.xml:68:13-72:29
176                <action android:name="com.google.firebase.auth.api.gms.service.START" />
176-->[com.google.firebase:firebase-auth:21.0.1] AndroidManifest.xml:69:17-89
176-->[com.google.firebase:firebase-auth:21.0.1] AndroidManifest.xml:69:25-86
177
178                <category android:name="android.intent.category.DEFAULT" />
178-->[com.google.firebase:firebase-auth:21.0.1] AndroidManifest.xml:36:17-76
178-->[com.google.firebase:firebase-auth:21.0.1] AndroidManifest.xml:36:27-73
179            </intent-filter>
180        </service>
181
182        <provider
182-->[com.google.firebase:firebase-common:20.0.0] AndroidManifest.xml:26:9-31:39
183            android:name="com.google.firebase.provider.FirebaseInitProvider"
183-->[com.google.firebase:firebase-common:20.0.0] AndroidManifest.xml:27:13-77
184            android:authorities="com.justhackit.find_my_bus.firebaseinitprovider"
184-->[com.google.firebase:firebase-common:20.0.0] AndroidManifest.xml:28:13-72
185            android:directBootAware="true"
185-->[com.google.firebase:firebase-common:20.0.0] AndroidManifest.xml:29:13-43
186            android:exported="false"
186-->[com.google.firebase:firebase-common:20.0.0] AndroidManifest.xml:30:13-37
187            android:initOrder="100" /> <!-- Needs to be explicitly declared on P+ -->
187-->[com.google.firebase:firebase-common:20.0.0] AndroidManifest.xml:31:13-36
188        <uses-library
188-->[com.google.android.gms:play-services-maps:17.0.0] AndroidManifest.xml:33:9-35:40
189            android:name="org.apache.http.legacy"
189-->[com.google.android.gms:play-services-maps:17.0.0] AndroidManifest.xml:34:13-50
190            android:required="false" />
190-->[com.google.android.gms:play-services-maps:17.0.0] AndroidManifest.xml:35:13-37
191
192        <activity
192-->[com.google.android.gms:play-services-base:17.1.0] AndroidManifest.xml:23:9-26:75
193            android:name="com.google.android.gms.common.api.GoogleApiActivity"
193-->[com.google.android.gms:play-services-base:17.1.0] AndroidManifest.xml:24:13-79
194            android:exported="false"
194-->[com.google.android.gms:play-services-base:17.1.0] AndroidManifest.xml:25:13-37
195            android:theme="@android:style/Theme.Translucent.NoTitleBar" />
195-->[com.google.android.gms:play-services-base:17.1.0] AndroidManifest.xml:26:13-72
196
197        <meta-data
197-->[com.google.android.gms:play-services-basement:17.1.0] AndroidManifest.xml:23:9-25:69
198            android:name="com.google.android.gms.version"
198-->[com.google.android.gms:play-services-basement:17.1.0] AndroidManifest.xml:24:13-58
199            android:value="@integer/google_play_services_version" />
199-->[com.google.android.gms:play-services-basement:17.1.0] AndroidManifest.xml:25:13-66
200
201        <uses-library
201-->[androidx.window:window:1.0.0-beta04] AndroidManifest.xml:25:9-27:40
202            android:name="androidx.window.extensions"
202-->[androidx.window:window:1.0.0-beta04] AndroidManifest.xml:26:13-54
203            android:required="false" />
203-->[androidx.window:window:1.0.0-beta04] AndroidManifest.xml:27:13-37
204        <uses-library
204-->[androidx.window:window:1.0.0-beta04] AndroidManifest.xml:28:9-30:40
205            android:name="androidx.window.sidecar"
205-->[androidx.window:window:1.0.0-beta04] AndroidManifest.xml:29:13-51
206            android:required="false" />
206-->[androidx.window:window:1.0.0-beta04] AndroidManifest.xml:30:13-37
207
208        <activity
208-->[com.journeyapps:zxing-android-embedded:4.2.0] AndroidManifest.xml:47:9-53:63
209            android:name="com.journeyapps.barcodescanner.CaptureActivity"
209-->[com.journeyapps:zxing-android-embedded:4.2.0] AndroidManifest.xml:48:13-74
210            android:clearTaskOnLaunch="true"
210-->[com.journeyapps:zxing-android-embedded:4.2.0] AndroidManifest.xml:49:13-45
211            android:screenOrientation="sensorLandscape"
211-->[com.journeyapps:zxing-android-embedded:4.2.0] AndroidManifest.xml:50:13-56
212            android:stateNotNeeded="true"
212-->[com.journeyapps:zxing-android-embedded:4.2.0] AndroidManifest.xml:51:13-42
213            android:theme="@style/zxing_CaptureTheme"
213-->[com.journeyapps:zxing-android-embedded:4.2.0] AndroidManifest.xml:52:13-54
214            android:windowSoftInputMode="stateAlwaysHidden" />
214-->[com.journeyapps:zxing-android-embedded:4.2.0] AndroidManifest.xml:53:13-60
215    </application>
216
217</manifest>